NUM_RUNS=3
Algorithm 7: Barnes-Hut (sequential - loop mass points)
> Seq. run 1:
./dieterle\=Performance 0 7 16000 20
==== Starting parallel execution on 1 processors ...
Energy (initial): 8.266396158131331e49
Evaluated
Energy (after 20 steps): 8.266396158131331e49
Time: 5.019732s
> Seq. run 2:
./dieterle\=Performance 0 7 16000 20
==== Starting parallel execution on 1 processors ...
Energy (initial): 8.266396158131331e49
Evaluated
Energy (after 20 steps): 8.266396158131331e49
Time: 5.043341s
> Seq. run 3:
./dieterle\=Performance 0 7 16000 20
==== Starting parallel execution on 1 processors ...
Energy (initial): 8.266396158131331e49
Evaluated
Energy (after 20 steps): 8.266396158131331e49
Time: 5.010455s
Algorithm 10: Barnes-Hut (All2All)
> Par. run 1 on 1 cores:
mpirun -np 1 ./dieterle\=Performance 0 10 16000 20 +RTS -qQ100000000
==== Starting parallel execution on 1 processors ...
Energy (initial): 8.266396158131331e49
Evaluated
Energy (after 20 steps): 8.266396158131331e49
Time: 12.340895s
> Par. run 2 on 1 cores:
mpirun -np 1 ./dieterle\=Performance 0 10 16000 20 +RTS -qQ100000000
==== Starting parallel execution on 1 processors ...
Energy (initial): 8.266396158131331e49
Evaluated
Energy (after 20 steps): 8.266396158131331e49
Time: 12.363962s
> Par. run 3 on 1 cores:
mpirun -np 1 ./dieterle\=Performance 0 10 16000 20 +RTS -qQ100000000
==== Starting parallel execution on 1 processors ...
Energy (initial): 8.266396158131331e49
Evaluated
Energy (after 20 steps): 8.266396158131331e49
Time: 12.318351s
> Par. run 1 on 2 cores:
mpirun -np 2 ./dieterle\=Performance 0 10 16000 20 +RTS -qQ100000000
==== Starting parallel execution on 2 processors ...
==== Starting parallel execution on 2 processors ...
Energy (initial): 8.266396158131331e49
Evaluated
Energy (after 20 steps): 8.266396158131331e49
Time: 9.187604s
> Par. run 2 on 2 cores:
mpirun -np 2 ./dieterle\=Performance 0 10 16000 20 +RTS -qQ100000000
==== Starting parallel execution on 2 processors ...
==== Starting parallel execution on 2 processors ...
Energy (initial): 8.266396158131331e49
Evaluated
Energy (after 20 steps): 8.266396158131331e49
Time: 8.842729s
> Par. run 3 on 2 cores:
mpirun -np 2 ./dieterle\=Performance 0 10 16000 20 +RTS -qQ100000000
==== Starting parallel execution on 2 processors ...
==== Starting parallel execution on 2 processors ...
Energy (initial): 8.266396158131331e49
Evaluated
Energy (after 20 steps): 8.266396158131331e49
Time: 8.348292s
> Par. run 1 on 3 cores:
mpirun -np 3 ./dieterle\=Performance 0 10 16000 20 +RTS -qQ100000000
==== Starting parallel execution on 3 processors ...
==== Starting parallel execution on 3 processors ...
==== Starting parallel execution on 3 processors ...
Energy (initial): 8.266396158131331e49
Evaluated
Energy (after 20 steps): 8.266396158131331e49
Time: 7.857896s
> Par. run 2 on 3 cores:
mpirun -np 3 ./dieterle\=Performance 0 10 16000 20 +RTS -qQ100000000
==== Starting parallel execution on 3 processors ...
==== Starting parallel execution on 3 processors ...
==== Starting parallel execution on 3 processors ...
Energy (initial): 8.266396158131331e49
Evaluated
Energy (after 20 steps): 8.266396158131331e49
Time: 7.93189s
> Par. run 3 on 3 cores:
mpirun -np 3 ./dieterle\=Performance 0 10 16000 20 +RTS -qQ100000000
==== Starting parallel execution on 3 processors ...
==== Starting parallel execution on 3 processors ...
==== Starting parallel execution on 3 processors ...
Energy (initial): 8.266396158131331e49
Evaluated
Energy (after 20 steps): 8.266396158131331e49
Time: 7.821418s
> Par. run 1 on 4 cores:
mpirun -np 4 ./dieterle\=Performance 0 10 16000 20 +RTS -qQ100000000
==== Starting parallel execution on 4 processors ...
==== Starting parallel execution on 4 processors ...
==== Starting parallel execution on 4 processors ...
==== Starting parallel execution on 4 processors ...
Energy (initial): 8.266396158131331e49
Evaluated
Energy (after 20 steps): 8.266396158131331e49
Time: 7.572354s
> Par. run 2 on 4 cores:
mpirun -np 4 ./dieterle\=Performance 0 10 16000 20 +RTS -qQ100000000
==== Starting parallel execution on 4 processors ...
==== Starting parallel execution on 4 processors ...
==== Starting parallel execution on 4 processors ...
==== Starting parallel execution on 4 processors ...
Energy (initial): 8.266396158131331e49
Evaluated
Energy (after 20 steps): 8.266396158131331e49
Time: 7.213164s
> Par. run 3 on 4 cores:
mpirun -np 4 ./dieterle\=Performance 0 10 16000 20 +RTS -qQ100000000
==== Starting parallel execution on 4 processors ...
==== Starting parallel execution on 4 processors ...
==== Starting parallel execution on 4 processors ...
==== Starting parallel execution on 4 processors ...
Energy (initial): 8.266396158131331e49
Evaluated
Energy (after 20 steps): 8.266396158131331e49
Time: 6.910276s
> Par. run 1 on 5 cores:
mpirun -np 5 ./dieterle\=Performance 0 10 16000 20 +RTS -qQ100000000
==== Starting parallel execution on 5 processors ...
==== Starting parallel execution on 5 processors ...
==== Starting parallel execution on 5 processors ...
==== Starting parallel execution on 5 processors ...
==== Starting parallel execution on 5 processors ...
Energy (initial): 8.266396158131331e49
Evaluated
Energy (after 20 steps): 8.266396158131331e49
Time: 8.502878s
> Par. run 2 on 5 cores:
mpirun -np 5 ./dieterle\=Performance 0 10 16000 20 +RTS -qQ100000000
==== Starting parallel execution on 5 processors ...
==== Starting parallel execution on 5 processors ...
==== Starting parallel execution on 5 processors ...
==== Starting parallel execution on 5 processors ...
==== Starting parallel execution on 5 processors ...
Energy (initial): 8.266396158131331e49
Evaluated
Energy (after 20 steps): 8.266396158131331e49
Time: 8.657146s
> Par. run 3 on 5 cores:
mpirun -np 5 ./dieterle\=Performance 0 10 16000 20 +RTS -qQ100000000
==== Starting parallel execution on 5 processors ...
==== Starting parallel execution on 5 processors ...
==== Starting parallel execution on 5 processors ...
==== Starting parallel execution on 5 processors ...
==== Starting parallel execution on 5 processors ...
Energy (initial): 8.266396158131331e49
Evaluated
Energy (after 20 steps): 8.266396158131331e49
Time: 8.649198s
> Par. run 1 on 6 cores:
mpirun -np 6 ./dieterle\=Performance 0 10 16000 20 +RTS -qQ100000000
==== Starting parallel execution on 6 processors ...
==== Starting parallel execution on 6 processors ...
==== Starting parallel execution on 6 processors ...
==== Starting parallel execution on 6 processors ...
==== Starting parallel execution on 6 processors ...
==== Starting parallel execution on 6 processors ...
Energy (initial): 8.266396158131331e49
Evaluated
Energy (after 20 steps): 8.266396158131331e49
Time: 9.743713s
> Par. run 2 on 6 cores:
mpirun -np 6 ./dieterle\=Performance 0 10 16000 20 +RTS -qQ100000000
==== Starting parallel execution on 6 processors ...
==== Starting parallel execution on 6 processors ...
==== Starting parallel execution on 6 processors ...
==== Starting parallel execution on 6 processors ...
==== Starting parallel execution on 6 processors ...
==== Starting parallel execution on 6 processors ...
Energy (initial): 8.266396158131331e49
Evaluated
Energy (after 20 steps): 8.266396158131331e49
Time: 8.624212s
> Par. run 3 on 6 cores:
mpirun -np 6 ./dieterle\=Performance 0 10 16000 20 +RTS -qQ100000000
==== Starting parallel execution on 6 processors ...
==== Starting parallel execution on 6 processors ...
==== Starting parallel execution on 6 processors ...
==== Starting parallel execution on 6 processors ...
==== Starting parallel execution on 6 processors ...
==== Starting parallel execution on 6 processors ...
Energy (initial): 8.266396158131331e49
Evaluated
Energy (after 20 steps): 8.266396158131331e49
Time: 10.020463s
> Par. run 1 on 7 cores:
mpirun -np 7 ./dieterle\=Performance 0 10 16000 20 +RTS -qQ100000000
==== Starting parallel execution on 7 processors ...
==== Starting parallel execution on 7 processors ...
==== Starting parallel execution on 7 processors ...
==== Starting parallel execution on 7 processors ...
==== Starting parallel execution on 7 processors ...
==== Starting parallel execution on 7 processors ...
==== Starting parallel execution on 7 processors ...
Energy (initial): 8.266396158131331e49
Evaluated
Energy (after 20 steps): 8.266396158131331e49
Time: 9.700466s
> Par. run 2 on 7 cores:
mpirun -np 7 ./dieterle\=Performance 0 10 16000 20 +RTS -qQ100000000
==== Starting parallel execution on 7 processors ...
==== Starting parallel execution on 7 processors ...
==== Starting parallel execution on 7 processors ...
==== Starting parallel execution on 7 processors ...
==== Starting parallel execution on 7 processors ...
==== Starting parallel execution on 7 processors ...
==== Starting parallel execution on 7 processors ...
Energy (initial): 8.266396158131331e49
Evaluated
Energy (after 20 steps): 8.266396158131331e49
Time: 9.693544s
> Par. run 3 on 7 cores:
mpirun -np 7 ./dieterle\=Performance 0 10 16000 20 +RTS -qQ100000000
==== Starting parallel execution on 7 processors ...
==== Starting parallel execution on 7 processors ...
==== Starting parallel execution on 7 processors ...
==== Starting parallel execution on 7 processors ...
==== Starting parallel execution on 7 processors ...
==== Starting parallel execution on 7 processors ...
==== Starting parallel execution on 7 processors ...
Energy (initial): 8.266396158131331e49
Evaluated
Energy (after 20 steps): 8.266396158131331e49
Time: 9.463054s
> Par. run 1 on 8 cores:
mpirun -np 8 ./dieterle\=Performance 0 10 16000 20 +RTS -qQ100000000
==== Starting parallel execution on 8 processors ...
==== Starting parallel execution on 8 processors ...
==== Starting parallel execution on 8 processors ...
==== Starting parallel execution on 8 processors ...
==== Starting parallel execution on 8 processors ...
==== Starting parallel execution on 8 processors ...
==== Starting parallel execution on 8 processors ...
==== Starting parallel execution on 8 processors ...
Energy (initial): 8.266396158131331e49
Evaluated
Energy (after 20 steps): 8.266396158131331e49
Time: 9.917583s
> Par. run 2 on 8 cores:
mpirun -np 8 ./dieterle\=Performance 0 10 16000 20 +RTS -qQ100000000
==== Starting parallel execution on 8 processors ...
==== Starting parallel execution on 8 processors ...
==== Starting parallel execution on 8 processors ...
==== Starting parallel execution on 8 processors ...
==== Starting parallel execution on 8 processors ...
==== Starting parallel execution on 8 processors ...
==== Starting parallel execution on 8 processors ...
==== Starting parallel execution on 8 processors ...
Energy (initial): 8.266396158131331e49
Evaluated
Energy (after 20 steps): 8.266396158131331e49
Time: 9.709425s
> Par. run 3 on 8 cores:
mpirun -np 8 ./dieterle\=Performance 0 10 16000 20 +RTS -qQ100000000
==== Starting parallel execution on 8 processors ...
==== Starting parallel execution on 8 processors ...
==== Starting parallel execution on 8 processors ...
==== Starting parallel execution on 8 processors ...
==== Starting parallel execution on 8 processors ...
==== Starting parallel execution on 8 processors ...
==== Starting parallel execution on 8 processors ...
==== Starting parallel execution on 8 processors ...
Energy (initial): 8.266396158131331e49
Evaluated
Energy (after 20 steps): 8.266396158131331e49
Time: 9.574106s
